{"name": "test_click_and_send_text", "status": "broken", "statusDetails": {"message": "selenium.common.exceptions.TimeoutException: Message: \nStacktrace:\nNoSuchElementError: An element could not be located on the page using the given search parameters.\n    at AndroidUiautomator2Driver.findElOrEls (C:\\Users\\kebba.mm\\AppData\\Roaming\\npm\\node_modules\\appium\\node_modules\\appium-android-driver\\lib\\commands\\find.js:75:11)\n    at runMicrotasks (<anonymous>)\n    at processTicksAndRejections (node:internal/process/task_queues:96:5)\n    at AndroidUiautomator2Driver.findElOrElsWithProcessing (C:\\Users\\kebba.mm\\AppData\\Roaming\\npm\\node_modules\\appium\\node_modules\\appium-base-driver\\lib\\basedriver\\commands\\find.js:33:12)\n    at AndroidUiautomator2Driver.findElement (C:\\Users\\kebba.mm\\AppData\\Roaming\\npm\\node_modules\\appium\\node_modules\\appium-base-driver\\lib\\basedriver\\commands\\find.js:53:10)", "trace": "self = <test_appium.TestAppium testMethod=test_click_and_send_text>\n\n    @allure.step('Test clicking and sending text')\n    def test_click_and_send_text(self):\n        with allure.step(\"Open app\"):\n            # Wait for the first element and click\n            self.mobile_steps.wait_for_element(AppiumBy.ID, 'com.cglrstudios.svkttt:id/button7')\n            self.mobile_steps.click_element(AppiumBy.ID, 'com.cglrstudios.svkttt:id/button7')\n    \n        with allure.step(\"Click searchbox\"):\n            # Wait for the second element and click\n>           self.mobile_steps.wait_for_element(AppiumBy.XPATH, '/hierarchy/android.widget.FrameLayout/android.widget.LinearLayout/android.widget.FrameLayout/android.view.ViewGroup/android.widget.FrameLayout[1]/android.support.v4.widget.DrawerLayout/android.view.ViewGroup/android.widget.RelativeLayout/android.webkit.WebView/android.webkit.WebView/android.view.View[1]/android.view.View/android.view.View[2]/android.view.View/android.view.View/android.widget.EditText')\n\ntest_appium.py:49: \n_ _ _ _ _ _ _ _ _ _ _ _ _ _ _ _ _ _ _ _ _ _ _ _ _ _ _ _ _ _ _ _ _ _ _ _ _ _ _ _ _ _ _ _ _ _ _ _ _ _ _ _ _ _ _ _ _ _ _ _ _ _ _ _ _ _ _ _ _ _ _ _ _ _ _ _ _ _ _ _ _ _ _ _ _ _ _ _ _ _ _ _ _ _ _ _ _ _ \n..\\..\\mobileAutomation\\commonMobileSteps.py:10: in wait_for_element\n    WebDriverWait(self.driver, timeout).until(\n_ _ _ _ _ _ _ _ _ _ _ _ _ _ _ _ _ _ _ _ _ _ _ _ _ _ _ _ _ _ _ _ _ _ _ _ _ _ _ _ _ _ _ _ _ _ _ _ _ _ _ _ _ _ _ _ _ _ _ _ _ _ _ _ _ _ _ _ _ _ _ _ _ _ _ _ _ _ _ _ _ _ _ _ _ _ _ _ _ _ _ _ _ _ _ _ _ _ \n\nself = <selenium.webdriver.support.wait.WebDriverWait (session=\"2ee5460f-461a-465d-9835-76d16a6ab3df\")>, method = <function presence_of_element_located.<locals>._predicate at 0x0000016A8E7195A0>\nmessage = ''\n\n    def until(self, method: Callable[[D], Union[Literal[False], T]], message: str = \"\") -> T:\n        \"\"\"Calls the method provided with the driver as an argument until the \\\n        return value does not evaluate to ``False``.\n    \n        :param method: callable(WebDriver)\n        :param message: optional message for :exc:`TimeoutException`\n        :returns: the result of the last call to `method`\n        :raises: :exc:`selenium.common.exceptions.TimeoutException` if timeout occurs\n        \"\"\"\n        screen = None\n        stacktrace = None\n    \n        end_time = time.monotonic() + self._timeout\n        while True:\n            try:\n                value = method(self._driver)\n                if value:\n                    return value\n            except self._ignored_exceptions as exc:\n                screen = getattr(exc, \"screen\", None)\n                stacktrace = getattr(exc, \"stacktrace\", None)\n            time.sleep(self._poll)\n            if time.monotonic() > end_time:\n                break\n>       raise TimeoutException(message, screen, stacktrace)\nE       selenium.common.exceptions.TimeoutException: Message: \nE       Stacktrace:\nE       NoSuchElementError: An element could not be located on the page using the given search parameters.\nE           at AndroidUiautomator2Driver.findElOrEls (C:\\Users\\kebba.mm\\AppData\\Roaming\\npm\\node_modules\\appium\\node_modules\\appium-android-driver\\lib\\commands\\find.js:75:11)\nE           at runMicrotasks (<anonymous>)\nE           at processTicksAndRejections (node:internal/process/task_queues:96:5)\nE           at AndroidUiautomator2Driver.findElOrElsWithProcessing (C:\\Users\\kebba.mm\\AppData\\Roaming\\npm\\node_modules\\appium\\node_modules\\appium-base-driver\\lib\\basedriver\\commands\\find.js:33:12)\nE           at AndroidUiautomator2Driver.findElement (C:\\Users\\kebba.mm\\AppData\\Roaming\\npm\\node_modules\\appium\\node_modules\\appium-base-driver\\lib\\basedriver\\commands\\find.js:53:10)\n\n..\\..\\..\\..\\..\\AppData\\Local\\Programs\\Python\\Python310\\lib\\site-packages\\selenium\\webdriver\\support\\wait.py:105: TimeoutException"}, "steps": [{"name": "Test clicking and sending text", "status": "broken", "statusDetails": {"message": "selenium.common.exceptions.TimeoutException: Message: \nStacktrace:\nNoSuchElementError: An element could not be located on the page using the given search parameters.\n    at AndroidUiautomator2Driver.findElOrEls (C:\\Users\\kebba.mm\\AppData\\Roaming\\npm\\node_modules\\appium\\node_modules\\appium-android-driver\\lib\\commands\\find.js:75:11)\n    at runMicrotasks (<anonymous>)\n    at processTicksAndRejections (node:internal/process/task_queues:96:5)\n    at AndroidUiautomator2Driver.findElOrElsWithProcessing (C:\\Users\\kebba.mm\\AppData\\Roaming\\npm\\node_modules\\appium\\node_modules\\appium-base-driver\\lib\\basedriver\\commands\\find.js:33:12)\n    at AndroidUiautomator2Driver.findElement (C:\\Users\\kebba.mm\\AppData\\Roaming\\npm\\node_modules\\appium\\node_modules\\appium-base-driver\\lib\\basedriver\\commands\\find.js:53:10)\n", "trace": "  File \"C:\\Users\\kebba.mm\\AppData\\Local\\Programs\\Python\\Python310\\lib\\site-packages\\allure_commons\\_allure.py\", line 192, in impl\n    return func(*a, **kw)\n  File \"C:\\Users\\kebba.mm\\OneDrive - Infuse Consulting Limited\\Desktop\\PythonAutoFramework\\Tests\\tdd\\test_appium.py\", line 49, in test_click_and_send_text\n    self.mobile_steps.wait_for_element(AppiumBy.XPATH, '/hierarchy/android.widget.FrameLayout/android.widget.LinearLayout/android.widget.FrameLayout/android.view.ViewGroup/android.widget.FrameLayout[1]/android.support.v4.widget.DrawerLayout/android.view.ViewGroup/android.widget.RelativeLayout/android.webkit.WebView/android.webkit.WebView/android.view.View[1]/android.view.View/android.view.View[2]/android.view.View/android.view.View/android.widget.EditText')\n  File \"C:\\Users\\kebba.mm\\OneDrive - Infuse Consulting Limited\\Desktop\\PythonAutoFramework\\mobileAutomation\\commonMobileSteps.py\", line 10, in wait_for_element\n    WebDriverWait(self.driver, timeout).until(\n  File \"C:\\Users\\kebba.mm\\AppData\\Local\\Programs\\Python\\Python310\\lib\\site-packages\\selenium\\webdriver\\support\\wait.py\", line 105, in until\n    raise TimeoutException(message, screen, stacktrace)\n"}, "steps": [{"name": "Open app", "status": "passed", "start": 1738758155373, "stop": 1738758155777}, {"name": "Click searchbox", "status": "broken", "statusDetails": {"message": "selenium.common.exceptions.TimeoutException: Message: \nStacktrace:\nNoSuchElementError: An element could not be located on the page using the given search parameters.\n    at AndroidUiautomator2Driver.findElOrEls (C:\\Users\\kebba.mm\\AppData\\Roaming\\npm\\node_modules\\appium\\node_modules\\appium-android-driver\\lib\\commands\\find.js:75:11)\n    at runMicrotasks (<anonymous>)\n    at processTicksAndRejections (node:internal/process/task_queues:96:5)\n    at AndroidUiautomator2Driver.findElOrElsWithProcessing (C:\\Users\\kebba.mm\\AppData\\Roaming\\npm\\node_modules\\appium\\node_modules\\appium-base-driver\\lib\\basedriver\\commands\\find.js:33:12)\n    at AndroidUiautomator2Driver.findElement (C:\\Users\\kebba.mm\\AppData\\Roaming\\npm\\node_modules\\appium\\node_modules\\appium-base-driver\\lib\\basedriver\\commands\\find.js:53:10)\n", "trace": "  File \"C:\\Users\\kebba.mm\\OneDrive - Infuse Consulting Limited\\Desktop\\PythonAutoFramework\\Tests\\tdd\\test_appium.py\", line 49, in test_click_and_send_text\n    self.mobile_steps.wait_for_element(AppiumBy.XPATH, '/hierarchy/android.widget.FrameLayout/android.widget.LinearLayout/android.widget.FrameLayout/android.view.ViewGroup/android.widget.FrameLayout[1]/android.support.v4.widget.DrawerLayout/android.view.ViewGroup/android.widget.RelativeLayout/android.webkit.WebView/android.webkit.WebView/android.view.View[1]/android.view.View/android.view.View[2]/android.view.View/android.view.View/android.widget.EditText')\n  File \"C:\\Users\\kebba.mm\\OneDrive - Infuse Consulting Limited\\Desktop\\PythonAutoFramework\\mobileAutomation\\commonMobileSteps.py\", line 10, in wait_for_element\n    WebDriverWait(self.driver, timeout).until(\n  File \"C:\\Users\\kebba.mm\\AppData\\Local\\Programs\\Python\\Python310\\lib\\site-packages\\selenium\\webdriver\\support\\wait.py\", line 105, in until\n    raise TimeoutException(message, screen, stacktrace)\n"}, "start": 1738758155778, "stop": 1738758255890}], "start": 1738758155372, "stop": 1738758255898}], "start": 1738758140902, "stop": 1738758257113, "uuid": "18917a49-3c15-4c15-a7cb-510cab5ec951", "historyId": "afd52b77d1d7f2f0edf95c3d0bfb1371", "testCaseId": "afd52b77d1d7f2f0edf95c3d0bfb1371", "fullName": "test_appium.TestAppium#test_click_and_send_text", "labels": [{"name": "feature", "value": "Mobile Tests"}, {"name": "story", "value": "Click and Send Text"}, {"name": "suite", "value": "test_appium"}, {"name": "subSuite", "value": "TestAppium"}, {"name": "host", "value": "IITP072"}, {"name": "thread", "value": "31564-MainThread"}, {"name": "framework", "value": "pytest"}, {"name": "language", "value": "cpython3"}, {"name": "package", "value": "test_appium"}]}